0 info it worked if it ends with ok
1 verbose cli [ '/usr/local/bin/node', '/usr/local/bin/npm', 'publish', '.' ]
2 info using npm@2.15.1
3 info using node@v4.4.3
4 verbose publish [ '.' ]
5 silly cache add args [ '.', null ]
6 verbose cache add spec .
7 silly cache add parsed spec Result {
7 silly cache add   raw: '.',
7 silly cache add   scope: null,
7 silly cache add   name: null,
7 silly cache add   rawSpec: '.',
7 silly cache add   spec: '/Users/mark/dev/compareFunction',
7 silly cache add   type: 'directory' }
8 verbose addLocalDirectory /Users/mark/.npm/comparefunction/1.0.0/package.tgz not in flight; packing
9 verbose correctMkdir /Users/mark/.npm correctMkdir not in flight; initializing
10 verbose tar pack [ '/Users/mark/.npm/comparefunction/1.0.0/package.tgz',
10 verbose tar pack   '/Users/mark/dev/compareFunction' ]
11 verbose tarball /Users/mark/.npm/comparefunction/1.0.0/package.tgz
12 verbose folder /Users/mark/dev/compareFunction
13 info prepublish comparefunction@1.0.0
14 verbose addLocalTarball adding from inside cache /Users/mark/.npm/comparefunction/1.0.0/package.tgz
15 verbose correctMkdir /Users/mark/.npm correctMkdir not in flight; initializing
16 silly cache afterAdd comparefunction@1.0.0
17 verbose afterAdd /Users/mark/.npm/comparefunction/1.0.0/package/package.json not in flight; writing
18 verbose correctMkdir /Users/mark/.npm correctMkdir not in flight; initializing
19 verbose afterAdd /Users/mark/.npm/comparefunction/1.0.0/package/package.json written
20 silly publish { name: 'comparefunction',
20 silly publish   version: '1.0.0',
20 silly publish   description: 'Compare two values or objects to determine order.',
20 silly publish   main: 'comparator.js',
20 silly publish   scripts:
20 silly publish    { lint: 'jshint *.js',
20 silly publish      test: 'mocha *Spec.js -R spec',
20 silly publish      posttest: 'npm run lint' },
20 silly publish   repository:
20 silly publish    { type: 'git',
20 silly publish      url: 'git+https://github.com/skinnybrit51/compareFunction.git' },
20 silly publish   keywords: [ 'Compare', 'Comparator', 'compareFunction' ],
20 silly publish   author: { name: 'skinnybrit51' },
20 silly publish   license: 'MIT',
20 silly publish   bugs: { url: 'https://github.com/skinnybrit51/compareFunction/issues' },
20 silly publish   homepage: 'https://github.com/skinnybrit51/compareFunction#readme',
20 silly publish   devDependencies:
20 silly publish    { chai: '^3.5.0',
20 silly publish      jsdom: '^8.4.0',
20 silly publish      jshint: '^2.9.2',
20 silly publish      mocha: '^2.4.5' },
20 silly publish   readme: '# compareFunction\n\n[![Build Status](https://travis-ci.org/skinnybrit51/compareFunction.svg?branch=master)](https://travis-ci.org/skinnybrit51/compareFunction)\n[![NPM version](https://badge.fury.io/js/comparefunction.svg)](http://badge.fury.io/js/comparefunction)\n\n#### Installation\n\n```npm install comparefunction```\n',
20 silly publish   readmeFilename: 'README.md',
20 silly publish   gitHead: '20fab3f38553317f5dcbf57cec4b328a4c6cb9fb',
20 silly publish   _id: 'comparefunction@1.0.0',
20 silly publish   _shasum: '890bda01676c1e52cd5e9f8f7291686fcb4a638c',
20 silly publish   _from: '.' }
21 verbose getPublishConfig undefined
22 silly mapToRegistry name comparefunction
23 silly mapToRegistry using default registry
24 silly mapToRegistry registry https://registry.npmjs.org/
25 silly mapToRegistry data Result {
25 silly mapToRegistry   raw: 'comparefunction',
25 silly mapToRegistry   scope: null,
25 silly mapToRegistry   name: 'comparefunction',
25 silly mapToRegistry   rawSpec: '',
25 silly mapToRegistry   spec: 'latest',
25 silly mapToRegistry   type: 'tag' }
26 silly mapToRegistry uri https://registry.npmjs.org/comparefunction
27 verbose publish registryBase https://registry.npmjs.org/
28 silly publish uploading /Users/mark/.npm/comparefunction/1.0.0/package.tgz
29 verbose request uri https://registry.npmjs.org/comparefunction
30 verbose request sending authorization for write operation
31 info attempt registry request try #1 at 9:03:49 PM
32 verbose request using bearer token for auth
33 verbose request id d99d1cb42b15cd2b
34 http request PUT https://registry.npmjs.org/comparefunction
35 http 403 https://registry.npmjs.org/comparefunction
36 verbose headers { 'content-type': 'application/json',
36 verbose headers   'cache-control': 'max-age=300',
36 verbose headers   'content-length': '95',
36 verbose headers   'accept-ranges': 'bytes',
36 verbose headers   date: 'Thu, 21 Apr 2016 01:03:50 GMT',
36 verbose headers   via: '1.1 varnish',
36 verbose headers   connection: 'keep-alive',
36 verbose headers   'x-served-by': 'cache-jfk1047-JFK',
36 verbose headers   'x-cache': 'MISS',
36 verbose headers   'x-cache-hits': '0',
36 verbose headers   'x-timer': 'S1461200630.192520,VS0,VE706',
36 verbose headers   vary: 'Accept-Encoding' }
37 verbose request invalidating /Users/mark/.npm/registry.npmjs.org/comparefunction on PUT
38 error publish Failed PUT 403
39 verbose stack Error: "You cannot publish over the previously published version 1.0.0." : comparefunction
39 verbose stack     at makeError (/usr/local/lib/node_modules/npm/node_modules/npm-registry-client/lib/request.js:264:12)
39 verbose stack     at CachingRegistryClient.<anonymous> (/usr/local/lib/node_modules/npm/node_modules/npm-registry-client/lib/request.js:252:14)
39 verbose stack     at Request._callback (/usr/local/lib/node_modules/npm/node_modules/npm-registry-client/lib/request.js:172:14)
39 verbose stack     at Request.self.callback (/usr/local/lib/node_modules/npm/node_modules/request/request.js:199:22)
39 verbose stack     at emitTwo (events.js:87:13)
39 verbose stack     at Request.emit (events.js:172:7)
39 verbose stack     at Request.<anonymous> (/usr/local/lib/node_modules/npm/node_modules/request/request.js:1036:10)
39 verbose stack     at emitOne (events.js:82:20)
39 verbose stack     at Request.emit (events.js:169:7)
39 verbose stack     at IncomingMessage.<anonymous> (/usr/local/lib/node_modules/npm/node_modules/request/request.js:963:12)
40 verbose statusCode 403
41 verbose pkgid comparefunction
42 verbose cwd /Users/mark/dev/compareFunction
43 error Darwin 15.4.0
44 error argv "/usr/local/bin/node" "/usr/local/bin/npm" "publish" "."
45 error node v4.4.3
46 error npm  v2.15.1
47 error code E403
48 error "You cannot publish over the previously published version 1.0.0." : comparefunction
49 error If you need help, you may report this error at:
49 error     <https://github.com/npm/npm/issues>
50 verbose exit [ 1, true ]
